Build started 26/11/2012 22:35:13.
     1>Project "C:\Users\Andmin\Documents\GitHub\game_proj\game_proj\game_proj.vcxproj" on node 2 (build target(s)).
     1>InitializeBuildStatus:
         Touching "Release\game_proj.unsuccessfulbuild".
       ClCompile:
         c:\Program Files\Microsoft Visual Studio 10.0\VC\bin\CL.exe /c /Zi /nologo /W3 /WX- /O2 /Oi /Oy- /GL /D WIN32 /D NDEBUG /D _CONSOLE /D _UNICODE /D UNICODE /Gm- /EHsc /MD /GS /Gy /fp:precise /Zc:wchar_t /Zc:forScope /Fo"Release\\" /Fd"Release\vc100.pdb" /Gd /TP /analyze- /errorReport:prompt main.cpp
         main.cpp
     1>main.cpp(226): warning C4258: 'i' : definition from the for loop is ignored; the definition from the enclosing scope is used
                 main.cpp(188) : definition of 'i' ignored
                 main.cpp(53) : definition of 'i' used
     1>main.cpp(226): warning C4258: 'i' : definition from the for loop is ignored; the definition from the enclosing scope is used
                 main.cpp(188) : definition of 'i' ignored
                 main.cpp(53) : definition of 'i' used
     1>main.cpp(282): error C2059: syntax error : '!='
     1>main.cpp(282): error C2676: binary '++' : 'std::vector<_Ty>' does not define this operator or a conversion to a type acceptable to the predefined operator
                 with
                 [
                     _Ty=ScoreCard
                 ]
     1>main.cpp(282): error C2143: syntax error : missing ';' before ')'
     1>main.cpp(282): error C2143: syntax error : missing ';' before ')'
     1>main.cpp(282): error C2143: syntax error : missing ';' before '{'
     1>Done Building Project "C:\Users\Andmin\Documents\GitHub\game_proj\game_proj\game_proj.vcxproj" (build target(s)) -- FAILED.

Build FAILED.

Time Elapsed 00:00:01.42
